<?xml version="1.0" encoding="UTF-8"?>
<!-- Generated by org.testng.reporters.JUnitReportReporter -->
<testsuite hostname="DESKTOP-H0PI4DT" failures="0" tests="5" name="testNGAnnotationExample.AmazonExamplePriroity2" time="0.004" errors="0" timestamp="2023-03-02T13:14:41 IST" skipped="0">
  <testcase classname="testNGAnnotationExample.AmazonExamplePriroity2" name="login" time="0.001"/>
  <testcase classname="testNGAnnotationExample.AmazonExamplePriroity2" name="addItems" time="0.003"/>
  <testcase classname="testNGAnnotationExample.AmazonExamplePriroity2" name="cancelOrder" time="0.000"/>
  <testcase classname="testNGAnnotationExample.AmazonExamplePriroity2" name="payment" time="0.000"/>
  <testcase classname="testNGAnnotationExample.AmazonExamplePriroity2" name="logout" time="0.000"/>
</testsuite> <!-- testNGAnnotationExample.AmazonExamplePriroity2 -->
